<?xml version="1.0" encoding="UTF-8"?>
<!-- Generated by org.testng.reporters.JUnitReportReporter -->
<testsuite hostname="LAPTOP-4UNJFO42" failures="0" tests="1" name="seleniumTest.test" time="211.491" errors="0" timestamp="21 Oct 2020 20:13:50 GMT">
  <testcase classname="seleniumTest.test" name="t1" time="211.491"/>
</testsuite> <!-- seleniumTest.test -->
